<?xml version="1.0" encoding="UTF-8"?>
<!-- Generated by org.testng.reporters.JUnitXMLReporter -->
<testsuite ignored="0" hostname="SennaByte" failures="0" tests="22" name="All UI Tests" time="1.137" errors="0" timestamp="2025-09-08T10:04:49 IST">
  <testcase classname="com.base.TestNGBase" name="@BeforeClass setUp" time="-1.757306088218E9">
    <failure type="org.testng.TestNGException" message="
Parameter &amp;apos;browser&amp;apos; is required by BeforeClass on method setUp but has not been marked @Optional or defined
in C:\Users\ankit\Downloads\AutomationExercise (2)\AutomationExercise\src\test\resources\testsuite.xml">
      <![CDATA[org.testng.TestNGException: 
Parameter 'browser' is required by BeforeClass on method setUp but has not been marked @Optional or defined
in C:\Users\ankit\Downloads\AutomationExercise (2)\AutomationExercise\src\test\resources\testsuite.xml
at java.base/java.util.ArrayList.forEach(ArrayList.java:1596)
... Removed 22 stack frames]]>
    </failure>
  </testcase> <!-- @BeforeClass setUp -->
  <testcase classname="com.base.TestNGBase" name="@BeforeClass setUp" time="-1.757306088991E9">
    <failure type="org.testng.TestNGException" message="
Parameter &amp;apos;browser&amp;apos; is required by BeforeClass on method setUp but has not been marked @Optional or defined
in C:\Users\ankit\Downloads\AutomationExercise (2)\AutomationExercise\src\test\resources\testsuite.xml">
      <![CDATA[org.testng.TestNGException: 
Parameter 'browser' is required by BeforeClass on method setUp but has not been marked @Optional or defined
in C:\Users\ankit\Downloads\AutomationExercise (2)\AutomationExercise\src\test\resources\testsuite.xml
at java.base/java.util.ArrayList.forEach(ArrayList.java:1596)
... Removed 22 stack frames]]>
    </failure>
  </testcase> <!-- @BeforeClass setUp -->
  <testcase classname="com.tests.ContactUsFormTest" name="@BeforeClass initPages" time="0.0">
    <skipped/>
  </testcase> <!-- @BeforeClass initPages -->
  <testcase classname="com.base.TestNGBase" name="@BeforeClass setUp" time="-1.757306089025E9">
    <failure type="org.testng.TestNGException" message="
Parameter &amp;apos;browser&amp;apos; is required by BeforeClass on method setUp but has not been marked @Optional or defined
in C:\Users\ankit\Downloads\AutomationExercise (2)\AutomationExercise\src\test\resources\testsuite.xml">
      <![CDATA[org.testng.TestNGException: 
Parameter 'browser' is required by BeforeClass on method setUp but has not been marked @Optional or defined
in C:\Users\ankit\Downloads\AutomationExercise (2)\AutomationExercise\src\test\resources\testsuite.xml
at java.base/java.util.ArrayList.forEach(ArrayList.java:1596)
... Removed 22 stack frames]]>
    </failure>
  </testcase> <!-- @BeforeClass setUp -->
  <testcase classname="com.tests.ExistingRegistrationTest" name="@BeforeClass initPages" time="0.0">
    <skipped/>
  </testcase> <!-- @BeforeClass initPages -->
  <testcase classname="com.base.TestNGBase" name="@BeforeClass setUp" time="-1.75730608907E9">
    <failure type="org.testng.TestNGException" message="
Parameter &amp;apos;browser&amp;apos; is required by BeforeClass on method setUp but has not been marked @Optional or defined
in C:\Users\ankit\Downloads\AutomationExercise (2)\AutomationExercise\src\test\resources\testsuite.xml">
      <![CDATA[org.testng.TestNGException: 
Parameter 'browser' is required by BeforeClass on method setUp but has not been marked @Optional or defined
in C:\Users\ankit\Downloads\AutomationExercise (2)\AutomationExercise\src\test\resources\testsuite.xml
at java.base/java.util.ArrayList.forEach(ArrayList.java:1596)
... Removed 22 stack frames]]>
    </failure>
  </testcase> <!-- @BeforeClass setUp -->
  <testcase classname="com.base.TestNGBase" name="@BeforeClass setUp" time="-1.757306089093E9">
    <failure type="org.testng.TestNGException" message="
Parameter &amp;apos;browser&amp;apos; is required by BeforeClass on method setUp but has not been marked @Optional or defined
in C:\Users\ankit\Downloads\AutomationExercise (2)\AutomationExercise\src\test\resources\testsuite.xml">
      <![CDATA[org.testng.TestNGException: 
Parameter 'browser' is required by BeforeClass on method setUp but has not been marked @Optional or defined
in C:\Users\ankit\Downloads\AutomationExercise (2)\AutomationExercise\src\test\resources\testsuite.xml
at java.base/java.util.ArrayList.forEach(ArrayList.java:1596)
... Removed 22 stack frames]]>
    </failure>
  </testcase> <!-- @BeforeClass setUp -->
  <testcase classname="com.base.TestNGBase" name="@BeforeClass setUp" time="-1.75730608912E9">
    <failure type="org.testng.TestNGException" message="
Parameter &amp;apos;browser&amp;apos; is required by BeforeClass on method setUp but has not been marked @Optional or defined
in C:\Users\ankit\Downloads\AutomationExercise (2)\AutomationExercise\src\test\resources\testsuite.xml">
      <![CDATA[org.testng.TestNGException: 
Parameter 'browser' is required by BeforeClass on method setUp but has not been marked @Optional or defined
in C:\Users\ankit\Downloads\AutomationExercise (2)\AutomationExercise\src\test\resources\testsuite.xml
at java.base/java.util.ArrayList.forEach(ArrayList.java:1596)
... Removed 22 stack frames]]>
    </failure>
  </testcase> <!-- @BeforeClass setUp -->
  <testcase classname="com.base.TestNGBase" name="@BeforeClass setUp" time="-1.757306089142E9">
    <failure type="org.testng.TestNGException" message="
Parameter &amp;apos;browser&amp;apos; is required by BeforeClass on method setUp but has not been marked @Optional or defined
in C:\Users\ankit\Downloads\AutomationExercise (2)\AutomationExercise\src\test\resources\testsuite.xml">
      <![CDATA[org.testng.TestNGException: 
Parameter 'browser' is required by BeforeClass on method setUp but has not been marked @Optional or defined
in C:\Users\ankit\Downloads\AutomationExercise (2)\AutomationExercise\src\test\resources\testsuite.xml
at java.base/java.util.ArrayList.forEach(ArrayList.java:1596)
... Removed 22 stack frames]]>
    </failure>
  </testcase> <!-- @BeforeClass setUp -->
  <testcase classname="com.tests.SearchProductsTest" name="@BeforeClass initPages" time="0.0">
    <skipped/>
  </testcase> <!-- @BeforeClass initPages -->
  <testcase classname="com.base.TestNGBase" name="@BeforeClass setUp" time="-1.757306089187E9">
    <failure type="org.testng.TestNGException" message="
Parameter &amp;apos;browser&amp;apos; is required by BeforeClass on method setUp but has not been marked @Optional or defined
in C:\Users\ankit\Downloads\AutomationExercise (2)\AutomationExercise\src\test\resources\testsuite.xml">
      <![CDATA[org.testng.TestNGException: 
Parameter 'browser' is required by BeforeClass on method setUp but has not been marked @Optional or defined
in C:\Users\ankit\Downloads\AutomationExercise (2)\AutomationExercise\src\test\resources\testsuite.xml
at java.base/java.util.ArrayList.forEach(ArrayList.java:1596)
... Removed 22 stack frames]]>
    </failure>
  </testcase> <!-- @BeforeClass setUp -->
  <testcase classname="com.base.TestNGBase" name="@BeforeClass setUp" time="-1.757306089218E9">
    <failure type="org.testng.TestNGException" message="
Parameter &amp;apos;browser&amp;apos; is required by BeforeClass on method setUp but has not been marked @Optional or defined
in C:\Users\ankit\Downloads\AutomationExercise (2)\AutomationExercise\src\test\resources\testsuite.xml">
      <![CDATA[org.testng.TestNGException: 
Parameter 'browser' is required by BeforeClass on method setUp but has not been marked @Optional or defined
in C:\Users\ankit\Downloads\AutomationExercise (2)\AutomationExercise\src\test\resources\testsuite.xml
at java.base/java.util.ArrayList.forEach(ArrayList.java:1596)
... Removed 22 stack frames]]>
    </failure>
  </testcase> <!-- @BeforeClass setUp -->
  <testcase classname="com.tests.SubscriptionTest" name="@BeforeClass initPages" time="0.0">
    <skipped/>
  </testcase> <!-- @BeforeClass initPages -->
  <testcase classname="com.base.TestNGBase" name="@BeforeClass setUp" time="-1.757306089249E9">
    <failure type="org.testng.TestNGException" message="
Parameter &amp;apos;browser&amp;apos; is required by BeforeClass on method setUp but has not been marked @Optional or defined
in C:\Users\ankit\Downloads\AutomationExercise (2)\AutomationExercise\src\test\resources\testsuite.xml">
      <![CDATA[org.testng.TestNGException: 
Parameter 'browser' is required by BeforeClass on method setUp but has not been marked @Optional or defined
in C:\Users\ankit\Downloads\AutomationExercise (2)\AutomationExercise\src\test\resources\testsuite.xml
at java.base/java.util.ArrayList.forEach(ArrayList.java:1596)
... Removed 22 stack frames]]>
    </failure>
  </testcase> <!-- @BeforeClass setUp -->
  <testcase classname="com.tests.VerifyAllProductsTest" name="@BeforeClass initPages" time="0.0">
    <skipped/>
  </testcase> <!-- @BeforeClass initPages -->
  <testcase classname="com.base.TestNGBase" name="@BeforeClass setUp" time="-1.757306089293E9">
    <failure type="org.testng.TestNGException" message="
Parameter &amp;apos;browser&amp;apos; is required by BeforeClass on method setUp but has not been marked @Optional or defined
in C:\Users\ankit\Downloads\AutomationExercise (2)\AutomationExercise\src\test\resources\testsuite.xml">
      <![CDATA[org.testng.TestNGException: 
Parameter 'browser' is required by BeforeClass on method setUp but has not been marked @Optional or defined
in C:\Users\ankit\Downloads\AutomationExercise (2)\AutomationExercise\src\test\resources\testsuite.xml
at java.base/java.util.ArrayList.forEach(ArrayList.java:1596)
... Removed 22 stack frames]]>
    </failure>
  </testcase> <!-- @BeforeClass setUp -->
  <testcase classname="com.tests.VerifyTestCaseTest" name="@BeforeClass initPages" time="0.0">
    <skipped/>
  </testcase> <!-- @BeforeClass initPages -->
  <testcase classname="com.tests.AddToCartTest" name="verifyHomePageIsVisible" time="0.0">
    <skipped/>
  </testcase> <!-- verifyHomePageIsVisible -->
  <testcase classname="com.tests.AddToCartTest" name="verifyAddToCartFlow" time="0.0">
    <skipped/>
  </testcase> <!-- verifyAddToCartFlow -->
  <testcase classname="com.tests.ContactUsFormTest" name="verifyHomePageIsVisible" time="0.001">
    <skipped/>
  </testcase> <!-- verifyHomePageIsVisible -->
  <testcase classname="com.tests.ContactUsFormTest" name="testContactUsFormSubmission" time="0.0">
    <skipped/>
  </testcase> <!-- testContactUsFormSubmission -->
  <testcase classname="com.tests.ExistingRegistrationTest" name="verifyHomePageVisible" time="0.001">
    <skipped/>
  </testcase> <!-- verifyHomePageVisible -->
  <testcase classname="com.tests.ExistingRegistrationTest" name="clickSignupAndVerifyNewUserSignup" time="0.001">
    <skipped/>
  </testcase> <!-- clickSignupAndVerifyNewUserSignup -->
  <testcase classname="com.tests.ExistingRegistrationTest" name="registerWithExistingEmailAndVerifyError" time="0.0">
    <skipped/>
  </testcase> <!-- registerWithExistingEmailAndVerifyError -->
  <testcase classname="com.tests.IncreasedQuantityTest" name="verifyIncreaseQuantityFlow" time="0.0">
    <skipped/>
  </testcase> <!-- verifyIncreaseQuantityFlow -->
  <testcase classname="com.tests.RegistrationBeforeCheckoutTest" name="verifyPlaceOrderAfterSignup" time="0.0">
    <skipped/>
  </testcase> <!-- verifyPlaceOrderAfterSignup -->
  <testcase classname="com.tests.RegistrationWhileCheckoutTest" name="verifyCheckoutWithRegistrationFlow" time="0.0">
    <skipped/>
  </testcase> <!-- verifyCheckoutWithRegistrationFlow -->
  <testcase classname="com.tests.SearchProductsTest" name="verifyHomePageIsVisible" time="0.0">
    <skipped/>
  </testcase> <!-- verifyHomePageIsVisible -->
  <testcase classname="com.tests.SearchProductsTest" name="verifyAllProductsPageIsVisible" time="0.0">
    <skipped/>
  </testcase> <!-- verifyAllProductsPageIsVisible -->
  <testcase classname="com.tests.SearchProductsTest" name="verifySearchFunctionality" time="0.0">
    <skipped/>
  </testcase> <!-- verifySearchFunctionality -->
  <testcase classname="com.tests.SubscriptionCartTest" name="verifyHomePageIsVisible" time="0.0">
    <skipped/>
  </testcase> <!-- verifyHomePageIsVisible -->
  <testcase classname="com.tests.SubscriptionCartTest" name="verifySubscriptionFlow" time="0.0">
    <skipped/>
  </testcase> <!-- verifySubscriptionFlow -->
  <testcase classname="com.tests.SubscriptionTest" name="verifyHomePageIsVisible" time="0.0">
    <skipped/>
  </testcase> <!-- verifyHomePageIsVisible -->
  <testcase classname="com.tests.SubscriptionTest" name="verifySubscriptionFunctionality" time="0.0">
    <skipped/>
  </testcase> <!-- verifySubscriptionFunctionality -->
  <testcase classname="com.tests.VerifyAllProductsTest" name="verifyHomePageIsVisible" time="0.0">
    <skipped/>
  </testcase> <!-- verifyHomePageIsVisible -->
  <testcase classname="com.tests.VerifyAllProductsTest" name="verifyAllProductsPageIsVisible" time="0.0">
    <skipped/>
  </testcase> <!-- verifyAllProductsPageIsVisible -->
  <testcase classname="com.tests.VerifyAllProductsTest" name="verifyViewProductsFunctionality" time="0.0">
    <skipped/>
  </testcase> <!-- verifyViewProductsFunctionality -->
  <testcase classname="com.tests.VerifyTestCaseTest" name="verifyHomePageIsVisible" time="0.0">
    <skipped/>
  </testcase> <!-- verifyHomePageIsVisible -->
  <testcase classname="com.tests.VerifyTestCaseTest" name="verifyTestCasesNavigation" time="0.0">
    <skipped/>
  </testcase> <!-- verifyTestCasesNavigation -->
</testsuite> <!-- All UI Tests -->
