<!DOCTYPE html PUBLIC "-//W3C//DTD XHTML 1.1//EN" "https://www.w3.org/TR/xhtml11/DTD/xhtml11.dtd">
<html xmlns="https://www.w3.org/1999/xhtml">
<head>
<meta http-equiv="content-type" content="text/html; charset=UTF-8"/>
<title>TestNG Report</title>
<style type="text/css">table {margin-bottom:10px;border-collapse:collapse;empty-cells:show}th,td {border:1px solid #009;padding:.25em .5em}th {vertical-align:bottom}td {vertical-align:top}table a {font-weight:bold}.stripe td {background-color: #E6EBF9}.num {text-align:right}.passedodd td {background-color: #3F3}.passedeven td {background-color: #0A0}.skippedodd td {background-color: #DDD}.skippedeven td {background-color: #CCC}.failedodd td,.attn {background-color: #F33}.failedeven td,.stripe .attn {background-color: #D00}.stacktrace {white-space:pre;font-family:monospace}.totop {font-size:85%;text-align:center;border-bottom:2px solid #000}.invisible {display:none}</style>
</head>
<body>
<table>
<tr><th>Test</th><th># Passed</th><th># Skipped</th><th># Retried</th><th># Failed</th><th>Time (ms)</th><th>Included Groups</th><th>Excluded Groups</th></tr>
<tr><th colspan="8">AutomationExercise Suite</th></tr>
<tr><td><a href="#t0">All UI Tests</a></td><td class="num">0</td><td class="num attn">22</td><td class="num">0</td><td class="num">0</td><td class="num">1,137</td><td></td><td></td></tr>
</table>
<table id='summary'><thead><tr><th>Class</th><th>Method</th><th>Start</th><th>Time (ms)</th></tr></thead><tbody><tr><th colspan="4">AutomationExercise Suite</th></tr></tbody><tbody id="t0"><tr><th colspan="4">All UI Tests &#8212; failed (configuration methods)</th></tr><tr class="failedeven"><td rowspan="1">com.tests.AddToCartTest</td><td><a href="#m0">setUp</a></td><td rowspan="1">1757306088218</td><td rowspan="1">-1757306088218</td></tr><tr class="failedodd"><td rowspan="1">com.tests.ContactUsFormTest</td><td><a href="#m1">setUp</a></td><td rowspan="1">1757306088991</td><td rowspan="1">-1757306088991</td></tr><tr class="failedeven"><td rowspan="1">com.tests.ExistingRegistrationTest</td><td><a href="#m2">setUp</a></td><td rowspan="1">1757306089025</td><td rowspan="1">-1757306089025</td></tr><tr class="failedodd"><td rowspan="1">com.tests.IncreasedQuantityTest</td><td><a href="#m3">setUp</a></td><td rowspan="1">1757306089070</td><td rowspan="1">-1757306089070</td></tr><tr class="failedeven"><td rowspan="1">com.tests.RegistrationBeforeCheckoutTest</td><td><a href="#m4">setUp</a></td><td rowspan="1">1757306089093</td><td rowspan="1">-1757306089093</td></tr><tr class="failedodd"><td rowspan="1">com.tests.RegistrationWhileCheckoutTest</td><td><a href="#m5">setUp</a></td><td rowspan="1">1757306089120</td><td rowspan="1">-1757306089120</td></tr><tr class="failedeven"><td rowspan="1">com.tests.SearchProductsTest</td><td><a href="#m6">setUp</a></td><td rowspan="1">1757306089142</td><td rowspan="1">-1757306089142</td></tr><tr class="failedodd"><td rowspan="1">com.tests.SubscriptionCartTest</td><td><a href="#m7">setUp</a></td><td rowspan="1">1757306089187</td><td rowspan="1">-1757306089187</td></tr><tr class="failedeven"><td rowspan="1">com.tests.SubscriptionTest</td><td><a href="#m8">setUp</a></td><td rowspan="1">1757306089218</td><td rowspan="1">-1757306089218</td></tr><tr class="failedodd"><td rowspan="1">com.tests.VerifyAllProductsTest</td><td><a href="#m9">setUp</a></td><td rowspan="1">1757306089249</td><td rowspan="1">-1757306089249</td></tr><tr class="failedeven"><td rowspan="1">com.tests.VerifyTestCaseTest</td><td><a href="#m10">setUp</a></td><td rowspan="1">1757306089293</td><td rowspan="1">-1757306089293</td></tr><tr><th colspan="4">All UI Tests &#8212; skipped (configuration methods)</th></tr><tr class="skippedeven"><td rowspan="1">com.tests.ContactUsFormTest</td><td><a href="#m11">initPages</a></td><td rowspan="1">1757306088993</td><td rowspan="1">0</td></tr><tr class="skippedodd"><td rowspan="1">com.tests.ExistingRegistrationTest</td><td><a href="#m12">initPages</a></td><td rowspan="1">1757306089027</td><td rowspan="1">0</td></tr><tr class="skippedeven"><td rowspan="1">com.tests.SearchProductsTest</td><td><a href="#m13">initPages</a></td><td rowspan="1">1757306089144</td><td rowspan="1">0</td></tr><tr class="skippedodd"><td rowspan="1">com.tests.SubscriptionTest</td><td><a href="#m14">initPages</a></td><td rowspan="1">1757306089219</td><td rowspan="1">0</td></tr><tr class="skippedeven"><td rowspan="1">com.tests.VerifyAllProductsTest</td><td><a href="#m15">initPages</a></td><td rowspan="1">1757306089250</td><td rowspan="1">0</td></tr><tr class="skippedodd"><td rowspan="1">com.tests.VerifyTestCaseTest</td><td><a href="#m16">initPages</a></td><td rowspan="1">1757306089294</td><td rowspan="1">0</td></tr><tr><th colspan="4">All UI Tests &#8212; skipped</th></tr><tr class="skippedeven"><td rowspan="2">com.tests.AddToCartTest</td><td><a href="#m17">verifyAddToCartFlow</a></td><td rowspan="1">1757306088974</td><td rowspan="1">0</td></tr><tr class="skippedeven"><td><a href="#m18">verifyHomePageIsVisible</a></td><td rowspan="1">1757306088302</td><td rowspan="1">0</td></tr><tr class="skippedodd"><td rowspan="2">com.tests.ContactUsFormTest</td><td><a href="#m19">testContactUsFormSubmission</a></td><td rowspan="1">1757306089009</td><td rowspan="1">0</td></tr><tr class="skippedodd"><td><a href="#m20">verifyHomePageIsVisible</a></td><td rowspan="1">1757306088995</td><td rowspan="1">1</td></tr><tr class="skippedeven"><td rowspan="3">com.tests.ExistingRegistrationTest</td><td><a href="#m21">clickSignupAndVerifyNewUserSignup</a></td><td rowspan="1">1757306089040</td><td rowspan="1">1</td></tr><tr class="skippedeven"><td><a href="#m22">registerWithExistingEmailAndVerifyError</a></td><td rowspan="1">1757306089055</td><td rowspan="1">0</td></tr><tr class="skippedeven"><td><a href="#m23">verifyHomePageVisible</a></td><td rowspan="1">1757306089028</td><td rowspan="1">1</td></tr><tr class="skippedodd"><td rowspan="1">com.tests.IncreasedQuantityTest</td><td><a href="#m24">verifyIncreaseQuantityFlow</a></td><td rowspan="1">1757306089077</td><td rowspan="1">0</td></tr><tr class="skippedeven"><td rowspan="1">com.tests.RegistrationBeforeCheckoutTest</td><td><a href="#m25">verifyPlaceOrderAfterSignup</a></td><td rowspan="1">1757306089104</td><td rowspan="1">0</td></tr><tr class="skippedodd"><td rowspan="1">com.tests.RegistrationWhileCheckoutTest</td><td><a href="#m26">verifyCheckoutWithRegistrationFlow</a></td><td rowspan="1">1757306089125</td><td rowspan="1">0</td></tr><tr class="skippedeven"><td rowspan="3">com.tests.SearchProductsTest</td><td><a href="#m27">verifyAllProductsPageIsVisible</a></td><td rowspan="1">1757306089160</td><td rowspan="1">0</td></tr><tr class="skippedeven"><td><a href="#m28">verifyHomePageIsVisible</a></td><td rowspan="1">1757306089146</td><td rowspan="1">0</td></tr><tr class="skippedeven"><td><a href="#m29">verifySearchFunctionality</a></td><td rowspan="1">1757306089172</td><td rowspan="1">0</td></tr><tr class="skippedodd"><td rowspan="2">com.tests.SubscriptionCartTest</td><td><a href="#m30">verifyHomePageIsVisible</a></td><td rowspan="1">1757306089192</td><td rowspan="1">0</td></tr><tr class="skippedodd"><td><a href="#m31">verifySubscriptionFlow</a></td><td rowspan="1">1757306089205</td><td rowspan="1">0</td></tr><tr class="skippedeven"><td rowspan="2">com.tests.SubscriptionTest</td><td><a href="#m32">verifyHomePageIsVisible</a></td><td rowspan="1">1757306089220</td><td rowspan="1">0</td></tr><tr class="skippedeven"><td><a href="#m33">verifySubscriptionFunctionality</a></td><td rowspan="1">1757306089236</td><td rowspan="1">0</td></tr><tr class="skippedodd"><td rowspan="3">com.tests.VerifyAllProductsTest</td><td><a href="#m34">verifyAllProductsPageIsVisible</a></td><td rowspan="1">1757306089263</td><td rowspan="1">0</td></tr><tr class="skippedodd"><td><a href="#m35">verifyHomePageIsVisible</a></td><td rowspan="1">1757306089252</td><td rowspan="1">0</td></tr><tr class="skippedodd"><td><a href="#m36">verifyViewProductsFunctionality</a></td><td rowspan="1">1757306089278</td><td rowspan="1">0</td></tr><tr class="skippedeven"><td rowspan="2">com.tests.VerifyTestCaseTest</td><td><a href="#m37">verifyHomePageIsVisible</a></td><td rowspan="1">1757306089295</td><td rowspan="1">0</td></tr><tr class="skippedeven"><td><a href="#m38">verifyTestCasesNavigation</a></td><td rowspan="1">1757306089310</td><td rowspan="1">0</td></tr></tbody>
</table>
<h2>All UI Tests</h2><h3 id="m0">com.tests.AddToCartTest#setUp</h3><table class="result"><tr><th>Exception</th></tr><tr><td><div class="stacktrace">org.testng.TestNGException: 
Parameter &apos;browser&apos; is required by BeforeClass on method setUp but has not been marked @Optional or defined
in C:\Users\ankit\Downloads\AutomationExercise (2)\AutomationExercise\src\test\resources\testsuite.xml
	at java.base/java.util.ArrayList.forEach(ArrayList.java:1596)
... Removed 22 stack frames</div></td></tr></table><p class="totop"><a href="#summary">back to summary</a></p>
<h3 id="m1">com.tests.ContactUsFormTest#setUp</h3><table class="result"><tr><th>Exception</th></tr><tr><td><div class="stacktrace">org.testng.TestNGException: 
Parameter &apos;browser&apos; is required by BeforeClass on method setUp but has not been marked @Optional or defined
in C:\Users\ankit\Downloads\AutomationExercise (2)\AutomationExercise\src\test\resources\testsuite.xml
	at java.base/java.util.ArrayList.forEach(ArrayList.java:1596)
... Removed 22 stack frames</div></td></tr></table><p class="totop"><a href="#summary">back to summary</a></p>
<h3 id="m2">com.tests.ExistingRegistrationTest#setUp</h3><table class="result"><tr><th>Exception</th></tr><tr><td><div class="stacktrace">org.testng.TestNGException: 
Parameter &apos;browser&apos; is required by BeforeClass on method setUp but has not been marked @Optional or defined
in C:\Users\ankit\Downloads\AutomationExercise (2)\AutomationExercise\src\test\resources\testsuite.xml
	at java.base/java.util.ArrayList.forEach(ArrayList.java:1596)
... Removed 22 stack frames</div></td></tr></table><p class="totop"><a href="#summary">back to summary</a></p>
<h3 id="m3">com.tests.IncreasedQuantityTest#setUp</h3><table class="result"><tr><th>Exception</th></tr><tr><td><div class="stacktrace">org.testng.TestNGException: 
Parameter &apos;browser&apos; is required by BeforeClass on method setUp but has not been marked @Optional or defined
in C:\Users\ankit\Downloads\AutomationExercise (2)\AutomationExercise\src\test\resources\testsuite.xml
	at java.base/java.util.ArrayList.forEach(ArrayList.java:1596)
... Removed 22 stack frames</div></td></tr></table><p class="totop"><a href="#summary">back to summary</a></p>
<h3 id="m4">com.tests.RegistrationBeforeCheckoutTest#setUp</h3><table class="result"><tr><th>Exception</th></tr><tr><td><div class="stacktrace">org.testng.TestNGException: 
Parameter &apos;browser&apos; is required by BeforeClass on method setUp but has not been marked @Optional or defined
in C:\Users\ankit\Downloads\AutomationExercise (2)\AutomationExercise\src\test\resources\testsuite.xml
	at java.base/java.util.ArrayList.forEach(ArrayList.java:1596)
... Removed 22 stack frames</div></td></tr></table><p class="totop"><a href="#summary">back to summary</a></p>
<h3 id="m5">com.tests.RegistrationWhileCheckoutTest#setUp</h3><table class="result"><tr><th>Exception</th></tr><tr><td><div class="stacktrace">org.testng.TestNGException: 
Parameter &apos;browser&apos; is required by BeforeClass on method setUp but has not been marked @Optional or defined
in C:\Users\ankit\Downloads\AutomationExercise (2)\AutomationExercise\src\test\resources\testsuite.xml
	at java.base/java.util.ArrayList.forEach(ArrayList.java:1596)
... Removed 22 stack frames</div></td></tr></table><p class="totop"><a href="#summary">back to summary</a></p>
<h3 id="m6">com.tests.SearchProductsTest#setUp</h3><table class="result"><tr><th>Exception</th></tr><tr><td><div class="stacktrace">org.testng.TestNGException: 
Parameter &apos;browser&apos; is required by BeforeClass on method setUp but has not been marked @Optional or defined
in C:\Users\ankit\Downloads\AutomationExercise (2)\AutomationExercise\src\test\resources\testsuite.xml
	at java.base/java.util.ArrayList.forEach(ArrayList.java:1596)
... Removed 22 stack frames</div></td></tr></table><p class="totop"><a href="#summary">back to summary</a></p>
<h3 id="m7">com.tests.SubscriptionCartTest#setUp</h3><table class="result"><tr><th>Exception</th></tr><tr><td><div class="stacktrace">org.testng.TestNGException: 
Parameter &apos;browser&apos; is required by BeforeClass on method setUp but has not been marked @Optional or defined
in C:\Users\ankit\Downloads\AutomationExercise (2)\AutomationExercise\src\test\resources\testsuite.xml
	at java.base/java.util.ArrayList.forEach(ArrayList.java:1596)
... Removed 22 stack frames</div></td></tr></table><p class="totop"><a href="#summary">back to summary</a></p>
<h3 id="m8">com.tests.SubscriptionTest#setUp</h3><table class="result"><tr><th>Exception</th></tr><tr><td><div class="stacktrace">org.testng.TestNGException: 
Parameter &apos;browser&apos; is required by BeforeClass on method setUp but has not been marked @Optional or defined
in C:\Users\ankit\Downloads\AutomationExercise (2)\AutomationExercise\src\test\resources\testsuite.xml
	at java.base/java.util.ArrayList.forEach(ArrayList.java:1596)
... Removed 22 stack frames</div></td></tr></table><p class="totop"><a href="#summary">back to summary</a></p>
<h3 id="m9">com.tests.VerifyAllProductsTest#setUp</h3><table class="result"><tr><th>Exception</th></tr><tr><td><div class="stacktrace">org.testng.TestNGException: 
Parameter &apos;browser&apos; is required by BeforeClass on method setUp but has not been marked @Optional or defined
in C:\Users\ankit\Downloads\AutomationExercise (2)\AutomationExercise\src\test\resources\testsuite.xml
	at java.base/java.util.ArrayList.forEach(ArrayList.java:1596)
... Removed 22 stack frames</div></td></tr></table><p class="totop"><a href="#summary">back to summary</a></p>
<h3 id="m10">com.tests.VerifyTestCaseTest#setUp</h3><table class="result"><tr><th>Exception</th></tr><tr><td><div class="stacktrace">org.testng.TestNGException: 
Parameter &apos;browser&apos; is required by BeforeClass on method setUp but has not been marked @Optional or defined
in C:\Users\ankit\Downloads\AutomationExercise (2)\AutomationExercise\src\test\resources\testsuite.xml
	at java.base/java.util.ArrayList.forEach(ArrayList.java:1596)
... Removed 22 stack frames</div></td></tr></table><p class="totop"><a href="#summary">back to summary</a></p>
<h3 id="m11">com.tests.ContactUsFormTest#initPages</h3><table class="result"><tr><th class="invisible"/></tr></table><p class="totop"><a href="#summary">back to summary</a></p>
<h3 id="m12">com.tests.ExistingRegistrationTest#initPages</h3><table class="result"><tr><th class="invisible"/></tr></table><p class="totop"><a href="#summary">back to summary</a></p>
<h3 id="m13">com.tests.SearchProductsTest#initPages</h3><table class="result"><tr><th class="invisible"/></tr></table><p class="totop"><a href="#summary">back to summary</a></p>
<h3 id="m14">com.tests.SubscriptionTest#initPages</h3><table class="result"><tr><th class="invisible"/></tr></table><p class="totop"><a href="#summary">back to summary</a></p>
<h3 id="m15">com.tests.VerifyAllProductsTest#initPages</h3><table class="result"><tr><th class="invisible"/></tr></table><p class="totop"><a href="#summary">back to summary</a></p>
<h3 id="m16">com.tests.VerifyTestCaseTest#initPages</h3><table class="result"><tr><th class="invisible"/></tr></table><p class="totop"><a href="#summary">back to summary</a></p>
<h3 id="m17">com.tests.AddToCartTest#verifyAddToCartFlow</h3><table class="result"><tr><th>Exception</th></tr><tr><td><div class="stacktrace">org.testng.TestNGException: 
Parameter &apos;browser&apos; is required by BeforeClass on method setUp but has not been marked @Optional or defined
in C:\Users\ankit\Downloads\AutomationExercise (2)\AutomationExercise\src\test\resources\testsuite.xml
	at java.base/java.util.ArrayList.forEach(ArrayList.java:1596)
... Removed 22 stack frames</div></td></tr></table><p class="totop"><a href="#summary">back to summary</a></p>
<h3 id="m18">com.tests.AddToCartTest#verifyHomePageIsVisible</h3><table class="result"><tr><th>Exception</th></tr><tr><td><div class="stacktrace">org.testng.TestNGException: 
Parameter &apos;browser&apos; is required by BeforeClass on method setUp but has not been marked @Optional or defined
in C:\Users\ankit\Downloads\AutomationExercise (2)\AutomationExercise\src\test\resources\testsuite.xml
	at java.base/java.util.ArrayList.forEach(ArrayList.java:1596)
... Removed 22 stack frames</div></td></tr></table><p class="totop"><a href="#summary">back to summary</a></p>
<h3 id="m19">com.tests.ContactUsFormTest#testContactUsFormSubmission</h3><table class="result"><tr><th>Exception</th></tr><tr><td><div class="stacktrace">org.testng.TestNGException: 
Parameter &apos;browser&apos; is required by BeforeClass on method setUp but has not been marked @Optional or defined
in C:\Users\ankit\Downloads\AutomationExercise (2)\AutomationExercise\src\test\resources\testsuite.xml
	at java.base/java.util.ArrayList.forEach(ArrayList.java:1596)
... Removed 22 stack frames</div></td></tr></table><p class="totop"><a href="#summary">back to summary</a></p>
<h3 id="m20">com.tests.ContactUsFormTest#verifyHomePageIsVisible</h3><table class="result"><tr><th>Exception</th></tr><tr><td><div class="stacktrace">org.testng.TestNGException: 
Parameter &apos;browser&apos; is required by BeforeClass on method setUp but has not been marked @Optional or defined
in C:\Users\ankit\Downloads\AutomationExercise (2)\AutomationExercise\src\test\resources\testsuite.xml
	at java.base/java.util.ArrayList.forEach(ArrayList.java:1596)
... Removed 22 stack frames</div></td></tr></table><p class="totop"><a href="#summary">back to summary</a></p>
<h3 id="m21">com.tests.ExistingRegistrationTest#clickSignupAndVerifyNewUserSignup</h3><table class="result"><tr><th>Exception</th></tr><tr><td><div class="stacktrace">org.testng.TestNGException: 
Parameter &apos;browser&apos; is required by BeforeClass on method setUp but has not been marked @Optional or defined
in C:\Users\ankit\Downloads\AutomationExercise (2)\AutomationExercise\src\test\resources\testsuite.xml
	at java.base/java.util.ArrayList.forEach(ArrayList.java:1596)
... Removed 22 stack frames</div></td></tr></table><p class="totop"><a href="#summary">back to summary</a></p>
<h3 id="m22">com.tests.ExistingRegistrationTest#registerWithExistingEmailAndVerifyError</h3><table class="result"><tr><th>Exception</th></tr><tr><td><div class="stacktrace">org.testng.TestNGException: 
Parameter &apos;browser&apos; is required by BeforeClass on method setUp but has not been marked @Optional or defined
in C:\Users\ankit\Downloads\AutomationExercise (2)\AutomationExercise\src\test\resources\testsuite.xml
	at java.base/java.util.ArrayList.forEach(ArrayList.java:1596)
... Removed 22 stack frames</div></td></tr></table><p class="totop"><a href="#summary">back to summary</a></p>
<h3 id="m23">com.tests.ExistingRegistrationTest#verifyHomePageVisible</h3><table class="result"><tr><th>Exception</th></tr><tr><td><div class="stacktrace">org.testng.TestNGException: 
Parameter &apos;browser&apos; is required by BeforeClass on method setUp but has not been marked @Optional or defined
in C:\Users\ankit\Downloads\AutomationExercise (2)\AutomationExercise\src\test\resources\testsuite.xml
	at java.base/java.util.ArrayList.forEach(ArrayList.java:1596)
... Removed 22 stack frames</div></td></tr></table><p class="totop"><a href="#summary">back to summary</a></p>
<h3 id="m24">com.tests.IncreasedQuantityTest#verifyIncreaseQuantityFlow</h3><table class="result"><tr><th>Exception</th></tr><tr><td><div class="stacktrace">org.testng.TestNGException: 
Parameter &apos;browser&apos; is required by BeforeClass on method setUp but has not been marked @Optional or defined
in C:\Users\ankit\Downloads\AutomationExercise (2)\AutomationExercise\src\test\resources\testsuite.xml
	at java.base/java.util.ArrayList.forEach(ArrayList.java:1596)
... Removed 22 stack frames</div></td></tr></table><p class="totop"><a href="#summary">back to summary</a></p>
<h3 id="m25">com.tests.RegistrationBeforeCheckoutTest#verifyPlaceOrderAfterSignup</h3><table class="result"><tr><th>Exception</th></tr><tr><td><div class="stacktrace">org.testng.TestNGException: 
Parameter &apos;browser&apos; is required by BeforeClass on method setUp but has not been marked @Optional or defined
in C:\Users\ankit\Downloads\AutomationExercise (2)\AutomationExercise\src\test\resources\testsuite.xml
	at java.base/java.util.ArrayList.forEach(ArrayList.java:1596)
... Removed 22 stack frames</div></td></tr></table><p class="totop"><a href="#summary">back to summary</a></p>
<h3 id="m26">com.tests.RegistrationWhileCheckoutTest#verifyCheckoutWithRegistrationFlow</h3><table class="result"><tr><th>Exception</th></tr><tr><td><div class="stacktrace">org.testng.TestNGException: 
Parameter &apos;browser&apos; is required by BeforeClass on method setUp but has not been marked @Optional or defined
in C:\Users\ankit\Downloads\AutomationExercise (2)\AutomationExercise\src\test\resources\testsuite.xml
	at java.base/java.util.ArrayList.forEach(ArrayList.java:1596)
... Removed 22 stack frames</div></td></tr></table><p class="totop"><a href="#summary">back to summary</a></p>
<h3 id="m27">com.tests.SearchProductsTest#verifyAllProductsPageIsVisible</h3><table class="result"><tr><th>Exception</th></tr><tr><td><div class="stacktrace">org.testng.TestNGException: 
Parameter &apos;browser&apos; is required by BeforeClass on method setUp but has not been marked @Optional or defined
in C:\Users\ankit\Downloads\AutomationExercise (2)\AutomationExercise\src\test\resources\testsuite.xml
	at java.base/java.util.ArrayList.forEach(ArrayList.java:1596)
... Removed 22 stack frames</div></td></tr></table><p class="totop"><a href="#summary">back to summary</a></p>
<h3 id="m28">com.tests.SearchProductsTest#verifyHomePageIsVisible</h3><table class="result"><tr><th>Exception</th></tr><tr><td><div class="stacktrace">org.testng.TestNGException: 
Parameter &apos;browser&apos; is required by BeforeClass on method setUp but has not been marked @Optional or defined
in C:\Users\ankit\Downloads\AutomationExercise (2)\AutomationExercise\src\test\resources\testsuite.xml
	at java.base/java.util.ArrayList.forEach(ArrayList.java:1596)
... Removed 22 stack frames</div></td></tr></table><p class="totop"><a href="#summary">back to summary</a></p>
<h3 id="m29">com.tests.SearchProductsTest#verifySearchFunctionality</h3><table class="result"><tr><th>Exception</th></tr><tr><td><div class="stacktrace">org.testng.TestNGException: 
Parameter &apos;browser&apos; is required by BeforeClass on method setUp but has not been marked @Optional or defined
in C:\Users\ankit\Downloads\AutomationExercise (2)\AutomationExercise\src\test\resources\testsuite.xml
	at java.base/java.util.ArrayList.forEach(ArrayList.java:1596)
... Removed 22 stack frames</div></td></tr></table><p class="totop"><a href="#summary">back to summary</a></p>
<h3 id="m30">com.tests.SubscriptionCartTest#verifyHomePageIsVisible</h3><table class="result"><tr><th>Exception</th></tr><tr><td><div class="stacktrace">org.testng.TestNGException: 
Parameter &apos;browser&apos; is required by BeforeClass on method setUp but has not been marked @Optional or defined
in C:\Users\ankit\Downloads\AutomationExercise (2)\AutomationExercise\src\test\resources\testsuite.xml
	at java.base/java.util.ArrayList.forEach(ArrayList.java:1596)
... Removed 22 stack frames</div></td></tr></table><p class="totop"><a href="#summary">back to summary</a></p>
<h3 id="m31">com.tests.SubscriptionCartTest#verifySubscriptionFlow</h3><table class="result"><tr><th>Exception</th></tr><tr><td><div class="stacktrace">org.testng.TestNGException: 
Parameter &apos;browser&apos; is required by BeforeClass on method setUp but has not been marked @Optional or defined
in C:\Users\ankit\Downloads\AutomationExercise (2)\AutomationExercise\src\test\resources\testsuite.xml
	at java.base/java.util.ArrayList.forEach(ArrayList.java:1596)
... Removed 22 stack frames</div></td></tr></table><p class="totop"><a href="#summary">back to summary</a></p>
<h3 id="m32">com.tests.SubscriptionTest#verifyHomePageIsVisible</h3><table class="result"><tr><th>Exception</th></tr><tr><td><div class="stacktrace">org.testng.TestNGException: 
Parameter &apos;browser&apos; is required by BeforeClass on method setUp but has not been marked @Optional or defined
in C:\Users\ankit\Downloads\AutomationExercise (2)\AutomationExercise\src\test\resources\testsuite.xml
	at java.base/java.util.ArrayList.forEach(ArrayList.java:1596)
... Removed 22 stack frames</div></td></tr></table><p class="totop"><a href="#summary">back to summary</a></p>
<h3 id="m33">com.tests.SubscriptionTest#verifySubscriptionFunctionality</h3><table class="result"><tr><th>Exception</th></tr><tr><td><div class="stacktrace">org.testng.TestNGException: 
Parameter &apos;browser&apos; is required by BeforeClass on method setUp but has not been marked @Optional or defined
in C:\Users\ankit\Downloads\AutomationExercise (2)\AutomationExercise\src\test\resources\testsuite.xml
	at java.base/java.util.ArrayList.forEach(ArrayList.java:1596)
... Removed 22 stack frames</div></td></tr></table><p class="totop"><a href="#summary">back to summary</a></p>
<h3 id="m34">com.tests.VerifyAllProductsTest#verifyAllProductsPageIsVisible</h3><table class="result"><tr><th>Exception</th></tr><tr><td><div class="stacktrace">org.testng.TestNGException: 
Parameter &apos;browser&apos; is required by BeforeClass on method setUp but has not been marked @Optional or defined
in C:\Users\ankit\Downloads\AutomationExercise (2)\AutomationExercise\src\test\resources\testsuite.xml
	at java.base/java.util.ArrayList.forEach(ArrayList.java:1596)
... Removed 22 stack frames</div></td></tr></table><p class="totop"><a href="#summary">back to summary</a></p>
<h3 id="m35">com.tests.VerifyAllProductsTest#verifyHomePageIsVisible</h3><table class="result"><tr><th>Exception</th></tr><tr><td><div class="stacktrace">org.testng.TestNGException: 
Parameter &apos;browser&apos; is required by BeforeClass on method setUp but has not been marked @Optional or defined
in C:\Users\ankit\Downloads\AutomationExercise (2)\AutomationExercise\src\test\resources\testsuite.xml
	at java.base/java.util.ArrayList.forEach(ArrayList.java:1596)
... Removed 22 stack frames</div></td></tr></table><p class="totop"><a href="#summary">back to summary</a></p>
<h3 id="m36">com.tests.VerifyAllProductsTest#verifyViewProductsFunctionality</h3><table class="result"><tr><th>Exception</th></tr><tr><td><div class="stacktrace">org.testng.TestNGException: 
Parameter &apos;browser&apos; is required by BeforeClass on method setUp but has not been marked @Optional or defined
in C:\Users\ankit\Downloads\AutomationExercise (2)\AutomationExercise\src\test\resources\testsuite.xml
	at java.base/java.util.ArrayList.forEach(ArrayList.java:1596)
... Removed 22 stack frames</div></td></tr></table><p class="totop"><a href="#summary">back to summary</a></p>
<h3 id="m37">com.tests.VerifyTestCaseTest#verifyHomePageIsVisible</h3><table class="result"><tr><th>Exception</th></tr><tr><td><div class="stacktrace">org.testng.TestNGException: 
Parameter &apos;browser&apos; is required by BeforeClass on method setUp but has not been marked @Optional or defined
in C:\Users\ankit\Downloads\AutomationExercise (2)\AutomationExercise\src\test\resources\testsuite.xml
	at java.base/java.util.ArrayList.forEach(ArrayList.java:1596)
... Removed 22 stack frames</div></td></tr></table><p class="totop"><a href="#summary">back to summary</a></p>
<h3 id="m38">com.tests.VerifyTestCaseTest#verifyTestCasesNavigation</h3><table class="result"><tr><th>Exception</th></tr><tr><td><div class="stacktrace">org.testng.TestNGException: 
Parameter &apos;browser&apos; is required by BeforeClass on method setUp but has not been marked @Optional or defined
in C:\Users\ankit\Downloads\AutomationExercise (2)\AutomationExercise\src\test\resources\testsuite.xml
	at java.base/java.util.ArrayList.forEach(ArrayList.java:1596)
... Removed 22 stack frames</div></td></tr></table><p class="totop"><a href="#summary">back to summary</a></p>
</body>
</html>
