<!DOCTYPE html>

<html>
  <head>
  <meta charset='utf-8'>
  <title>TestNG reports</title>

    <link type="text/css" href="testng-reports1.css" rel="stylesheet" id="ultra" />
    <link type="text/css" href="testng-reports.css" rel="stylesheet" id="retro" disabled="false"/>
    <script type="text/javascript" src="jquery-3.6.0.min.js"></script>
    <script type="text/javascript" src="testng-reports.js"></script>
    <script type="text/javascript" src="https://www.google.com/jsapi"></script>
    <script type='text/javascript'>
      google.load('visualization', '1', {packages:['table']});
      google.setOnLoadCallback(drawTable);
      var suiteTableInitFunctions = new Array();
      var suiteTableData = new Array();
    </script>
    <!--
      <script type="text/javascript" src="jquery-ui/js/jquery-ui-1.8.16.custom.min.js"></script>
     -->
  </head>

  <body>    <div class="top-banner-root">
      <span class="top-banner-title-font">Test results</span>
      <button id="button" class="button">Switch Retro Theme</button> <!-- button -->
      <br/>
      <span class="top-banner-font-1">1 suite</span>
    </div> <!-- top-banner-root -->
    <div class="navigator-root">
      <div class="navigator-suite-header">
        <span>All suites</span>
        <a href="#" title="Collapse/expand all the suites" class="collapse-all-link">
          <img src="collapseall.gif" class="collapse-all-icon">
          </img> <!-- collapse-all-icon -->
        </a> <!-- collapse-all-link -->
      </div> <!-- navigator-suite-header -->
      <div class="suite">
        <div class="rounded-window">
          <div class="suite-header light-rounded-window-top">
            <a href="#" panel-name="suite-AutomationExercise_Suite" class="navigator-link">
              <span class="suite-name border-skipped">AutomationExercise Suite</span>
            </a> <!-- navigator-link -->
          </div> <!-- suite-header light-rounded-window-top -->
          <div class="navigator-suite-content">
            <div class="suite-section-title">
              <span>Info</span>
            </div> <!-- suite-section-title -->
            <div class="suite-section-content">
              <ul>
                <li>
                  <a href="#" panel-name="test-xml-AutomationExercise_Suite" class="navigator-link ">
                    <span>C:\Users\ankit\Downloads\AutomationExercise (2)\AutomationExercise\src\test\resources\testsuite.xml</span>
                  </a> <!-- navigator-link  -->
                </li>
                <li>
                  <a href="#" panel-name="testlist-AutomationExercise_Suite" class="navigator-link ">
                    <span class="test-stats">1 test</span>
                  </a> <!-- navigator-link  -->
                </li>
                <li>
                  <a href="#" panel-name="group-AutomationExercise_Suite" class="navigator-link ">
                    <span>0 groups</span>
                  </a> <!-- navigator-link  -->
                </li>
                <li>
                  <a href="#" panel-name="times-AutomationExercise_Suite" class="navigator-link ">
                    <span>Times</span>
                  </a> <!-- navigator-link  -->
                </li>
                <li>
                  <a href="#" panel-name="reporter-AutomationExercise_Suite" class="navigator-link ">
                    <span>Reporter output</span>
                  </a> <!-- navigator-link  -->
                </li>
                <li>
                  <a href="#" panel-name="ignored-methods-AutomationExercise_Suite" class="navigator-link ">
                    <span>Ignored methods</span>
                  </a> <!-- navigator-link  -->
                </li>
                <li>
                  <a href="#" panel-name="chronological-AutomationExercise_Suite" class="navigator-link ">
                    <span>Chronological view</span>
                  </a> <!-- navigator-link  -->
                </li>
              </ul>
            </div> <!-- suite-section-content -->
            <div class="result-section">
              <div class="suite-section-title">
                <span>Results</span>
              </div> <!-- suite-section-title -->
              <div class="suite-section-content">
                <ul>
                  <li>
                    <span class="method-stats">22 methods,  22 skipped,  </span>
                  </li>
                  <li>
                    <span class="method-list-title skipped">Skipped methods</span>
                    <span class="show-or-hide-methods skipped">
                      <a href="#" panel-name="suite-AutomationExercise_Suite" class="hide-methods skipped suite-AutomationExercise_Suite"> (hide)</a> <!-- hide-methods skipped suite-AutomationExercise_Suite -->
                      <a href="#" panel-name="suite-AutomationExercise_Suite" class="show-methods skipped suite-AutomationExercise_Suite"> (show)</a> <!-- show-methods skipped suite-AutomationExercise_Suite -->
                    </span>
                    <div class="method-list-content skipped suite-AutomationExercise_Suite">
                      <span>
                        <img src="skipped.png" width="3%"/>
                        <a href="#" panel-name="suite-AutomationExercise_Suite" title="com.tests.ExistingRegistrationTest" class="method navigator-link" hash-for-method="clickSignupAndVerifyNewUserSignup">clickSignupAndVerifyNewUserSignup</a> <!-- method navigator-link -->
                      </span>
                      <br/>
                      <span>
                        <img src="skipped.png" width="3%"/>
                        <a href="#" panel-name="suite-AutomationExercise_Suite" title="com.tests.ExistingRegistrationTest" class="method navigator-link" hash-for-method="registerWithExistingEmailAndVerifyError">registerWithExistingEmailAndVerifyError</a> <!-- method navigator-link -->
                      </span>
                      <br/>
                      <span>
                        <img src="skipped.png" width="3%"/>
                        <a href="#" panel-name="suite-AutomationExercise_Suite" title="com.tests.ContactUsFormTest" class="method navigator-link" hash-for-method="testContactUsFormSubmission">testContactUsFormSubmission</a> <!-- method navigator-link -->
                      </span>
                      <br/>
                      <span>
                        <img src="skipped.png" width="3%"/>
                        <a href="#" panel-name="suite-AutomationExercise_Suite" title="com.tests.AddToCartTest" class="method navigator-link" hash-for-method="verifyAddToCartFlow">verifyAddToCartFlow</a> <!-- method navigator-link -->
                      </span>
                      <br/>
                      <span>
                        <img src="skipped.png" width="3%"/>
                        <a href="#" panel-name="suite-AutomationExercise_Suite" title="com.tests.SearchProductsTest" class="method navigator-link" hash-for-method="verifyAllProductsPageIsVisible">verifyAllProductsPageIsVisible</a> <!-- method navigator-link -->
                      </span>
                      <br/>
                      <span>
                        <img src="skipped.png" width="3%"/>
                        <a href="#" panel-name="suite-AutomationExercise_Suite" title="com.tests.VerifyAllProductsTest" class="method navigator-link" hash-for-method="verifyAllProductsPageIsVisible">verifyAllProductsPageIsVisible</a> <!-- method navigator-link -->
                      </span>
                      <br/>
                      <span>
                        <img src="skipped.png" width="3%"/>
                        <a href="#" panel-name="suite-AutomationExercise_Suite" title="com.tests.RegistrationWhileCheckoutTest" class="method navigator-link" hash-for-method="verifyCheckoutWithRegistrationFlow">verifyCheckoutWithRegistrationFlow</a> <!-- method navigator-link -->
                      </span>
                      <br/>
                      <span>
                        <img src="skipped.png" width="3%"/>
                        <a href="#" panel-name="suite-AutomationExercise_Suite" title="com.tests.SubscriptionCartTest" class="method navigator-link" hash-for-method="verifyHomePageIsVisible">verifyHomePageIsVisible</a> <!-- method navigator-link -->
                      </span>
                      <br/>
                      <span>
                        <img src="skipped.png" width="3%"/>
                        <a href="#" panel-name="suite-AutomationExercise_Suite" title="com.tests.VerifyAllProductsTest" class="method navigator-link" hash-for-method="verifyHomePageIsVisible">verifyHomePageIsVisible</a> <!-- method navigator-link -->
                      </span>
                      <br/>
                      <span>
                        <img src="skipped.png" width="3%"/>
                        <a href="#" panel-name="suite-AutomationExercise_Suite" title="com.tests.SearchProductsTest" class="method navigator-link" hash-for-method="verifyHomePageIsVisible">verifyHomePageIsVisible</a> <!-- method navigator-link -->
                      </span>
                      <br/>
                      <span>
                        <img src="skipped.png" width="3%"/>
                        <a href="#" panel-name="suite-AutomationExercise_Suite" title="com.tests.ContactUsFormTest" class="method navigator-link" hash-for-method="verifyHomePageIsVisible">verifyHomePageIsVisible</a> <!-- method navigator-link -->
                      </span>
                      <br/>
                      <span>
                        <img src="skipped.png" width="3%"/>
                        <a href="#" panel-name="suite-AutomationExercise_Suite" title="com.tests.SubscriptionTest" class="method navigator-link" hash-for-method="verifyHomePageIsVisible">verifyHomePageIsVisible</a> <!-- method navigator-link -->
                      </span>
                      <br/>
                      <span>
                        <img src="skipped.png" width="3%"/>
                        <a href="#" panel-name="suite-AutomationExercise_Suite" title="com.tests.AddToCartTest" class="method navigator-link" hash-for-method="verifyHomePageIsVisible">verifyHomePageIsVisible</a> <!-- method navigator-link -->
                      </span>
                      <br/>
                      <span>
                        <img src="skipped.png" width="3%"/>
                        <a href="#" panel-name="suite-AutomationExercise_Suite" title="com.tests.VerifyTestCaseTest" class="method navigator-link" hash-for-method="verifyHomePageIsVisible">verifyHomePageIsVisible</a> <!-- method navigator-link -->
                      </span>
                      <br/>
                      <span>
                        <img src="skipped.png" width="3%"/>
                        <a href="#" panel-name="suite-AutomationExercise_Suite" title="com.tests.ExistingRegistrationTest" class="method navigator-link" hash-for-method="verifyHomePageVisible">verifyHomePageVisible</a> <!-- method navigator-link -->
                      </span>
                      <br/>
                      <span>
                        <img src="skipped.png" width="3%"/>
                        <a href="#" panel-name="suite-AutomationExercise_Suite" title="com.tests.IncreasedQuantityTest" class="method navigator-link" hash-for-method="verifyIncreaseQuantityFlow">verifyIncreaseQuantityFlow</a> <!-- method navigator-link -->
                      </span>
                      <br/>
                      <span>
                        <img src="skipped.png" width="3%"/>
                        <a href="#" panel-name="suite-AutomationExercise_Suite" title="com.tests.RegistrationBeforeCheckoutTest" class="method navigator-link" hash-for-method="verifyPlaceOrderAfterSignup">verifyPlaceOrderAfterSignup</a> <!-- method navigator-link -->
                      </span>
                      <br/>
                      <span>
                        <img src="skipped.png" width="3%"/>
                        <a href="#" panel-name="suite-AutomationExercise_Suite" title="com.tests.SearchProductsTest" class="method navigator-link" hash-for-method="verifySearchFunctionality">verifySearchFunctionality</a> <!-- method navigator-link -->
                      </span>
                      <br/>
                      <span>
                        <img src="skipped.png" width="3%"/>
                        <a href="#" panel-name="suite-AutomationExercise_Suite" title="com.tests.SubscriptionCartTest" class="method navigator-link" hash-for-method="verifySubscriptionFlow">verifySubscriptionFlow</a> <!-- method navigator-link -->
                      </span>
                      <br/>
                      <span>
                        <img src="skipped.png" width="3%"/>
                        <a href="#" panel-name="suite-AutomationExercise_Suite" title="com.tests.SubscriptionTest" class="method navigator-link" hash-for-method="verifySubscriptionFunctionality">verifySubscriptionFunctionality</a> <!-- method navigator-link -->
                      </span>
                      <br/>
                      <span>
                        <img src="skipped.png" width="3%"/>
                        <a href="#" panel-name="suite-AutomationExercise_Suite" title="com.tests.VerifyTestCaseTest" class="method navigator-link" hash-for-method="verifyTestCasesNavigation">verifyTestCasesNavigation</a> <!-- method navigator-link -->
                      </span>
                      <br/>
                      <span>
                        <img src="skipped.png" width="3%"/>
                        <a href="#" panel-name="suite-AutomationExercise_Suite" title="com.tests.VerifyAllProductsTest" class="method navigator-link" hash-for-method="verifyViewProductsFunctionality">verifyViewProductsFunctionality</a> <!-- method navigator-link -->
                      </span>
                      <br/>
                    </div> <!-- method-list-content skipped suite-AutomationExercise_Suite -->
                  </li>
                </ul>
              </div> <!-- suite-section-content -->
            </div> <!-- result-section -->
          </div> <!-- navigator-suite-content -->
        </div> <!-- rounded-window -->
      </div> <!-- suite -->
    </div> <!-- navigator-root -->
    <div class="wrapper">
      <div class="main-panel-root">
        <div panel-name="suite-AutomationExercise_Suite" class="panel AutomationExercise_Suite">
          <div class="suite-AutomationExercise_Suite-class-skipped">
            <div class="main-panel-header rounded-window-top">
              <img src="skipped.png"/>
              <span class="class-name">com.tests.VerifyTestCaseTest</span>
            </div> <!-- main-panel-header rounded-window-top -->
            <div class="main-panel-content rounded-window-bottom">
              <div class="method">
                <div class="method-content">
                  <a name="verifyHomePageIsVisible">
                  </a> <!-- verifyHomePageIsVisible -->
                  <span class="method-name">verifyHomePageIsVisible</span>
                  <div class="stack-trace">org.testng.TestNGException: 
Parameter &apos;browser&apos; is required by BeforeClass on method setUp but has not been marked @Optional or defined
in C:\Users\ankit\Downloads\AutomationExercise (2)\AutomationExercise\src\test\resources\testsuite.xml
	at java.base/java.util.ArrayList.forEach(ArrayList.java:1596)
... Removed 22 stack frames
</div> <!-- stack-trace -->
                </div> <!-- method-content -->
              </div> <!-- method -->
              <div class="method">
                <div class="method-content">
                  <a name="verifyTestCasesNavigation">
                  </a> <!-- verifyTestCasesNavigation -->
                  <span class="method-name">verifyTestCasesNavigation</span>
                  <div class="stack-trace">org.testng.TestNGException: 
Parameter &apos;browser&apos; is required by BeforeClass on method setUp but has not been marked @Optional or defined
in C:\Users\ankit\Downloads\AutomationExercise (2)\AutomationExercise\src\test\resources\testsuite.xml
	at java.base/java.util.ArrayList.forEach(ArrayList.java:1596)
... Removed 22 stack frames
</div> <!-- stack-trace -->
                </div> <!-- method-content -->
              </div> <!-- method -->
            </div> <!-- main-panel-content rounded-window-bottom -->
          </div> <!-- suite-AutomationExercise_Suite-class-skipped -->
          <div class="suite-AutomationExercise_Suite-class-skipped">
            <div class="main-panel-header rounded-window-top">
              <img src="skipped.png"/>
              <span class="class-name">com.tests.VerifyAllProductsTest</span>
            </div> <!-- main-panel-header rounded-window-top -->
            <div class="main-panel-content rounded-window-bottom">
              <div class="method">
                <div class="method-content">
                  <a name="verifyAllProductsPageIsVisible">
                  </a> <!-- verifyAllProductsPageIsVisible -->
                  <span class="method-name">verifyAllProductsPageIsVisible</span>
                  <div class="stack-trace">org.testng.TestNGException: 
Parameter &apos;browser&apos; is required by BeforeClass on method setUp but has not been marked @Optional or defined
in C:\Users\ankit\Downloads\AutomationExercise (2)\AutomationExercise\src\test\resources\testsuite.xml
	at java.base/java.util.ArrayList.forEach(ArrayList.java:1596)
... Removed 22 stack frames
</div> <!-- stack-trace -->
                </div> <!-- method-content -->
              </div> <!-- method -->
              <div class="method">
                <div class="method-content">
                  <a name="verifyHomePageIsVisible">
                  </a> <!-- verifyHomePageIsVisible -->
                  <span class="method-name">verifyHomePageIsVisible</span>
                  <div class="stack-trace">org.testng.TestNGException: 
Parameter &apos;browser&apos; is required by BeforeClass on method setUp but has not been marked @Optional or defined
in C:\Users\ankit\Downloads\AutomationExercise (2)\AutomationExercise\src\test\resources\testsuite.xml
	at java.base/java.util.ArrayList.forEach(ArrayList.java:1596)
... Removed 22 stack frames
</div> <!-- stack-trace -->
                </div> <!-- method-content -->
              </div> <!-- method -->
              <div class="method">
                <div class="method-content">
                  <a name="verifyViewProductsFunctionality">
                  </a> <!-- verifyViewProductsFunctionality -->
                  <span class="method-name">verifyViewProductsFunctionality</span>
                  <div class="stack-trace">org.testng.TestNGException: 
Parameter &apos;browser&apos; is required by BeforeClass on method setUp but has not been marked @Optional or defined
in C:\Users\ankit\Downloads\AutomationExercise (2)\AutomationExercise\src\test\resources\testsuite.xml
	at java.base/java.util.ArrayList.forEach(ArrayList.java:1596)
... Removed 22 stack frames
</div> <!-- stack-trace -->
                </div> <!-- method-content -->
              </div> <!-- method -->
            </div> <!-- main-panel-content rounded-window-bottom -->
          </div> <!-- suite-AutomationExercise_Suite-class-skipped -->
          <div class="suite-AutomationExercise_Suite-class-skipped">
            <div class="main-panel-header rounded-window-top">
              <img src="skipped.png"/>
              <span class="class-name">com.tests.AddToCartTest</span>
            </div> <!-- main-panel-header rounded-window-top -->
            <div class="main-panel-content rounded-window-bottom">
              <div class="method">
                <div class="method-content">
                  <a name="verifyAddToCartFlow">
                  </a> <!-- verifyAddToCartFlow -->
                  <span class="method-name">verifyAddToCartFlow</span>
                  <div class="stack-trace">org.testng.TestNGException: 
Parameter &apos;browser&apos; is required by BeforeClass on method setUp but has not been marked @Optional or defined
in C:\Users\ankit\Downloads\AutomationExercise (2)\AutomationExercise\src\test\resources\testsuite.xml
	at java.base/java.util.ArrayList.forEach(ArrayList.java:1596)
... Removed 22 stack frames
</div> <!-- stack-trace -->
                </div> <!-- method-content -->
              </div> <!-- method -->
              <div class="method">
                <div class="method-content">
                  <a name="verifyHomePageIsVisible">
                  </a> <!-- verifyHomePageIsVisible -->
                  <span class="method-name">verifyHomePageIsVisible</span>
                  <div class="stack-trace">org.testng.TestNGException: 
Parameter &apos;browser&apos; is required by BeforeClass on method setUp but has not been marked @Optional or defined
in C:\Users\ankit\Downloads\AutomationExercise (2)\AutomationExercise\src\test\resources\testsuite.xml
	at java.base/java.util.ArrayList.forEach(ArrayList.java:1596)
... Removed 22 stack frames
</div> <!-- stack-trace -->
                </div> <!-- method-content -->
              </div> <!-- method -->
            </div> <!-- main-panel-content rounded-window-bottom -->
          </div> <!-- suite-AutomationExercise_Suite-class-skipped -->
          <div class="suite-AutomationExercise_Suite-class-skipped">
            <div class="main-panel-header rounded-window-top">
              <img src="skipped.png"/>
              <span class="class-name">com.tests.RegistrationBeforeCheckoutTest</span>
            </div> <!-- main-panel-header rounded-window-top -->
            <div class="main-panel-content rounded-window-bottom">
              <div class="method">
                <div class="method-content">
                  <a name="verifyPlaceOrderAfterSignup">
                  </a> <!-- verifyPlaceOrderAfterSignup -->
                  <span class="method-name">verifyPlaceOrderAfterSignup</span>
                  <div class="stack-trace">org.testng.TestNGException: 
Parameter &apos;browser&apos; is required by BeforeClass on method setUp but has not been marked @Optional or defined
in C:\Users\ankit\Downloads\AutomationExercise (2)\AutomationExercise\src\test\resources\testsuite.xml
	at java.base/java.util.ArrayList.forEach(ArrayList.java:1596)
... Removed 22 stack frames
</div> <!-- stack-trace -->
                </div> <!-- method-content -->
              </div> <!-- method -->
            </div> <!-- main-panel-content rounded-window-bottom -->
          </div> <!-- suite-AutomationExercise_Suite-class-skipped -->
          <div class="suite-AutomationExercise_Suite-class-skipped">
            <div class="main-panel-header rounded-window-top">
              <img src="skipped.png"/>
              <span class="class-name">com.tests.IncreasedQuantityTest</span>
            </div> <!-- main-panel-header rounded-window-top -->
            <div class="main-panel-content rounded-window-bottom">
              <div class="method">
                <div class="method-content">
                  <a name="verifyIncreaseQuantityFlow">
                  </a> <!-- verifyIncreaseQuantityFlow -->
                  <span class="method-name">verifyIncreaseQuantityFlow</span>
                  <div class="stack-trace">org.testng.TestNGException: 
Parameter &apos;browser&apos; is required by BeforeClass on method setUp but has not been marked @Optional or defined
in C:\Users\ankit\Downloads\AutomationExercise (2)\AutomationExercise\src\test\resources\testsuite.xml
	at java.base/java.util.ArrayList.forEach(ArrayList.java:1596)
... Removed 22 stack frames
</div> <!-- stack-trace -->
                </div> <!-- method-content -->
              </div> <!-- method -->
            </div> <!-- main-panel-content rounded-window-bottom -->
          </div> <!-- suite-AutomationExercise_Suite-class-skipped -->
          <div class="suite-AutomationExercise_Suite-class-skipped">
            <div class="main-panel-header rounded-window-top">
              <img src="skipped.png"/>
              <span class="class-name">com.tests.SubscriptionTest</span>
            </div> <!-- main-panel-header rounded-window-top -->
            <div class="main-panel-content rounded-window-bottom">
              <div class="method">
                <div class="method-content">
                  <a name="verifyHomePageIsVisible">
                  </a> <!-- verifyHomePageIsVisible -->
                  <span class="method-name">verifyHomePageIsVisible</span>
                  <div class="stack-trace">org.testng.TestNGException: 
Parameter &apos;browser&apos; is required by BeforeClass on method setUp but has not been marked @Optional or defined
in C:\Users\ankit\Downloads\AutomationExercise (2)\AutomationExercise\src\test\resources\testsuite.xml
	at java.base/java.util.ArrayList.forEach(ArrayList.java:1596)
... Removed 22 stack frames
</div> <!-- stack-trace -->
                </div> <!-- method-content -->
              </div> <!-- method -->
              <div class="method">
                <div class="method-content">
                  <a name="verifySubscriptionFunctionality">
                  </a> <!-- verifySubscriptionFunctionality -->
                  <span class="method-name">verifySubscriptionFunctionality</span>
                  <div class="stack-trace">org.testng.TestNGException: 
Parameter &apos;browser&apos; is required by BeforeClass on method setUp but has not been marked @Optional or defined
in C:\Users\ankit\Downloads\AutomationExercise (2)\AutomationExercise\src\test\resources\testsuite.xml
	at java.base/java.util.ArrayList.forEach(ArrayList.java:1596)
... Removed 22 stack frames
</div> <!-- stack-trace -->
                </div> <!-- method-content -->
              </div> <!-- method -->
            </div> <!-- main-panel-content rounded-window-bottom -->
          </div> <!-- suite-AutomationExercise_Suite-class-skipped -->
          <div class="suite-AutomationExercise_Suite-class-skipped">
            <div class="main-panel-header rounded-window-top">
              <img src="skipped.png"/>
              <span class="class-name">com.tests.SubscriptionCartTest</span>
            </div> <!-- main-panel-header rounded-window-top -->
            <div class="main-panel-content rounded-window-bottom">
              <div class="method">
                <div class="method-content">
                  <a name="verifyHomePageIsVisible">
                  </a> <!-- verifyHomePageIsVisible -->
                  <span class="method-name">verifyHomePageIsVisible</span>
                  <div class="stack-trace">org.testng.TestNGException: 
Parameter &apos;browser&apos; is required by BeforeClass on method setUp but has not been marked @Optional or defined
in C:\Users\ankit\Downloads\AutomationExercise (2)\AutomationExercise\src\test\resources\testsuite.xml
	at java.base/java.util.ArrayList.forEach(ArrayList.java:1596)
... Removed 22 stack frames
</div> <!-- stack-trace -->
                </div> <!-- method-content -->
              </div> <!-- method -->
              <div class="method">
                <div class="method-content">
                  <a name="verifySubscriptionFlow">
                  </a> <!-- verifySubscriptionFlow -->
                  <span class="method-name">verifySubscriptionFlow</span>
                  <div class="stack-trace">org.testng.TestNGException: 
Parameter &apos;browser&apos; is required by BeforeClass on method setUp but has not been marked @Optional or defined
in C:\Users\ankit\Downloads\AutomationExercise (2)\AutomationExercise\src\test\resources\testsuite.xml
	at java.base/java.util.ArrayList.forEach(ArrayList.java:1596)
... Removed 22 stack frames
</div> <!-- stack-trace -->
                </div> <!-- method-content -->
              </div> <!-- method -->
            </div> <!-- main-panel-content rounded-window-bottom -->
          </div> <!-- suite-AutomationExercise_Suite-class-skipped -->
          <div class="suite-AutomationExercise_Suite-class-skipped">
            <div class="main-panel-header rounded-window-top">
              <img src="skipped.png"/>
              <span class="class-name">com.tests.ContactUsFormTest</span>
            </div> <!-- main-panel-header rounded-window-top -->
            <div class="main-panel-content rounded-window-bottom">
              <div class="method">
                <div class="method-content">
                  <a name="testContactUsFormSubmission">
                  </a> <!-- testContactUsFormSubmission -->
                  <span class="method-name">testContactUsFormSubmission</span>
                  <div class="stack-trace">org.testng.TestNGException: 
Parameter &apos;browser&apos; is required by BeforeClass on method setUp but has not been marked @Optional or defined
in C:\Users\ankit\Downloads\AutomationExercise (2)\AutomationExercise\src\test\resources\testsuite.xml
	at java.base/java.util.ArrayList.forEach(ArrayList.java:1596)
... Removed 22 stack frames
</div> <!-- stack-trace -->
                </div> <!-- method-content -->
              </div> <!-- method -->
              <div class="method">
                <div class="method-content">
                  <a name="verifyHomePageIsVisible">
                  </a> <!-- verifyHomePageIsVisible -->
                  <span class="method-name">verifyHomePageIsVisible</span>
                  <div class="stack-trace">org.testng.TestNGException: 
Parameter &apos;browser&apos; is required by BeforeClass on method setUp but has not been marked @Optional or defined
in C:\Users\ankit\Downloads\AutomationExercise (2)\AutomationExercise\src\test\resources\testsuite.xml
	at java.base/java.util.ArrayList.forEach(ArrayList.java:1596)
... Removed 22 stack frames
</div> <!-- stack-trace -->
                </div> <!-- method-content -->
              </div> <!-- method -->
            </div> <!-- main-panel-content rounded-window-bottom -->
          </div> <!-- suite-AutomationExercise_Suite-class-skipped -->
          <div class="suite-AutomationExercise_Suite-class-skipped">
            <div class="main-panel-header rounded-window-top">
              <img src="skipped.png"/>
              <span class="class-name">com.tests.SearchProductsTest</span>
            </div> <!-- main-panel-header rounded-window-top -->
            <div class="main-panel-content rounded-window-bottom">
              <div class="method">
                <div class="method-content">
                  <a name="verifyAllProductsPageIsVisible">
                  </a> <!-- verifyAllProductsPageIsVisible -->
                  <span class="method-name">verifyAllProductsPageIsVisible</span>
                  <div class="stack-trace">org.testng.TestNGException: 
Parameter &apos;browser&apos; is required by BeforeClass on method setUp but has not been marked @Optional or defined
in C:\Users\ankit\Downloads\AutomationExercise (2)\AutomationExercise\src\test\resources\testsuite.xml
	at java.base/java.util.ArrayList.forEach(ArrayList.java:1596)
... Removed 22 stack frames
</div> <!-- stack-trace -->
                </div> <!-- method-content -->
              </div> <!-- method -->
              <div class="method">
                <div class="method-content">
                  <a name="verifyHomePageIsVisible">
                  </a> <!-- verifyHomePageIsVisible -->
                  <span class="method-name">verifyHomePageIsVisible</span>
                  <div class="stack-trace">org.testng.TestNGException: 
Parameter &apos;browser&apos; is required by BeforeClass on method setUp but has not been marked @Optional or defined
in C:\Users\ankit\Downloads\AutomationExercise (2)\AutomationExercise\src\test\resources\testsuite.xml
	at java.base/java.util.ArrayList.forEach(ArrayList.java:1596)
... Removed 22 stack frames
</div> <!-- stack-trace -->
                </div> <!-- method-content -->
              </div> <!-- method -->
              <div class="method">
                <div class="method-content">
                  <a name="verifySearchFunctionality">
                  </a> <!-- verifySearchFunctionality -->
                  <span class="method-name">verifySearchFunctionality</span>
                  <div class="stack-trace">org.testng.TestNGException: 
Parameter &apos;browser&apos; is required by BeforeClass on method setUp but has not been marked @Optional or defined
in C:\Users\ankit\Downloads\AutomationExercise (2)\AutomationExercise\src\test\resources\testsuite.xml
	at java.base/java.util.ArrayList.forEach(ArrayList.java:1596)
... Removed 22 stack frames
</div> <!-- stack-trace -->
                </div> <!-- method-content -->
              </div> <!-- method -->
            </div> <!-- main-panel-content rounded-window-bottom -->
          </div> <!-- suite-AutomationExercise_Suite-class-skipped -->
          <div class="suite-AutomationExercise_Suite-class-skipped">
            <div class="main-panel-header rounded-window-top">
              <img src="skipped.png"/>
              <span class="class-name">com.tests.RegistrationWhileCheckoutTest</span>
            </div> <!-- main-panel-header rounded-window-top -->
            <div class="main-panel-content rounded-window-bottom">
              <div class="method">
                <div class="method-content">
                  <a name="verifyCheckoutWithRegistrationFlow">
                  </a> <!-- verifyCheckoutWithRegistrationFlow -->
                  <span class="method-name">verifyCheckoutWithRegistrationFlow</span>
                  <div class="stack-trace">org.testng.TestNGException: 
Parameter &apos;browser&apos; is required by BeforeClass on method setUp but has not been marked @Optional or defined
in C:\Users\ankit\Downloads\AutomationExercise (2)\AutomationExercise\src\test\resources\testsuite.xml
	at java.base/java.util.ArrayList.forEach(ArrayList.java:1596)
... Removed 22 stack frames
</div> <!-- stack-trace -->
                </div> <!-- method-content -->
              </div> <!-- method -->
            </div> <!-- main-panel-content rounded-window-bottom -->
          </div> <!-- suite-AutomationExercise_Suite-class-skipped -->
          <div class="suite-AutomationExercise_Suite-class-skipped">
            <div class="main-panel-header rounded-window-top">
              <img src="skipped.png"/>
              <span class="class-name">com.tests.ExistingRegistrationTest</span>
            </div> <!-- main-panel-header rounded-window-top -->
            <div class="main-panel-content rounded-window-bottom">
              <div class="method">
                <div class="method-content">
                  <a name="clickSignupAndVerifyNewUserSignup">
                  </a> <!-- clickSignupAndVerifyNewUserSignup -->
                  <span class="method-name">clickSignupAndVerifyNewUserSignup</span>
                  <div class="stack-trace">org.testng.TestNGException: 
Parameter &apos;browser&apos; is required by BeforeClass on method setUp but has not been marked @Optional or defined
in C:\Users\ankit\Downloads\AutomationExercise (2)\AutomationExercise\src\test\resources\testsuite.xml
	at java.base/java.util.ArrayList.forEach(ArrayList.java:1596)
... Removed 22 stack frames
</div> <!-- stack-trace -->
                </div> <!-- method-content -->
              </div> <!-- method -->
              <div class="method">
                <div class="method-content">
                  <a name="registerWithExistingEmailAndVerifyError">
                  </a> <!-- registerWithExistingEmailAndVerifyError -->
                  <span class="method-name">registerWithExistingEmailAndVerifyError</span>
                  <div class="stack-trace">org.testng.TestNGException: 
Parameter &apos;browser&apos; is required by BeforeClass on method setUp but has not been marked @Optional or defined
in C:\Users\ankit\Downloads\AutomationExercise (2)\AutomationExercise\src\test\resources\testsuite.xml
	at java.base/java.util.ArrayList.forEach(ArrayList.java:1596)
... Removed 22 stack frames
</div> <!-- stack-trace -->
                </div> <!-- method-content -->
              </div> <!-- method -->
              <div class="method">
                <div class="method-content">
                  <a name="verifyHomePageVisible">
                  </a> <!-- verifyHomePageVisible -->
                  <span class="method-name">verifyHomePageVisible</span>
                  <div class="stack-trace">org.testng.TestNGException: 
Parameter &apos;browser&apos; is required by BeforeClass on method setUp but has not been marked @Optional or defined
in C:\Users\ankit\Downloads\AutomationExercise (2)\AutomationExercise\src\test\resources\testsuite.xml
	at java.base/java.util.ArrayList.forEach(ArrayList.java:1596)
... Removed 22 stack frames
</div> <!-- stack-trace -->
                </div> <!-- method-content -->
              </div> <!-- method -->
            </div> <!-- main-panel-content rounded-window-bottom -->
          </div> <!-- suite-AutomationExercise_Suite-class-skipped -->
        </div> <!-- panel AutomationExercise_Suite -->
        <div panel-name="test-xml-AutomationExercise_Suite" class="panel">
          <div class="main-panel-header rounded-window-top">
            <span class="header-content">C:\Users\ankit\Downloads\AutomationExercise (2)\AutomationExercise\src\test\resources\testsuite.xml</span>
          </div> <!-- main-panel-header rounded-window-top -->
          <div class="main-panel-content rounded-window-bottom">
            <pre>
&lt;?xml version=&quot;1.0&quot; encoding=&quot;UTF-8&quot;?&gt;
&lt;!DOCTYPE suite SYSTEM &quot;https://testng.org/testng-1.0.dtd&quot;&gt;
&lt;suite name=&quot;AutomationExercise Suite&quot; guice-stage=&quot;DEVELOPMENT&quot;&gt;
  &lt;test thread-count=&quot;5&quot; name=&quot;All UI Tests&quot;&gt;
    &lt;packages&gt;
      &lt;package name=&quot;com.tests&quot;/&gt;
    &lt;/packages&gt;
    &lt;classes&gt;
      &lt;class name=&quot;com.tests.AddToCartTest&quot;/&gt;
      &lt;class name=&quot;com.tests.ContactUsFormTest&quot;/&gt;
      &lt;class name=&quot;com.tests.ExistingRegistrationTest&quot;/&gt;
      &lt;class name=&quot;com.tests.IncreasedQuantityTest&quot;/&gt;
      &lt;class name=&quot;com.tests.RegistrationBeforeCheckoutTest&quot;/&gt;
      &lt;class name=&quot;com.tests.RegistrationWhileCheckoutTest&quot;/&gt;
      &lt;class name=&quot;com.tests.SearchProductsTest&quot;/&gt;
      &lt;class name=&quot;com.tests.SubscriptionCartTest&quot;/&gt;
      &lt;class name=&quot;com.tests.SubscriptionTest&quot;/&gt;
      &lt;class name=&quot;com.tests.VerifyAllProductsTest&quot;/&gt;
      &lt;class name=&quot;com.tests.VerifyTestCaseTest&quot;/&gt;
    &lt;/classes&gt;
  &lt;/test&gt; &lt;!-- All UI Tests --&gt;
&lt;/suite&gt; &lt;!-- AutomationExercise Suite --&gt;
            </pre>
          </div> <!-- main-panel-content rounded-window-bottom -->
        </div> <!-- panel -->
        <div panel-name="testlist-AutomationExercise_Suite" class="panel">
          <div class="main-panel-header rounded-window-top">
            <span class="header-content">Tests for AutomationExercise Suite</span>
          </div> <!-- main-panel-header rounded-window-top -->
          <div class="main-panel-content rounded-window-bottom">
            <ul>
              <li>
                <span class="test-name">All UI Tests (11 classes)</span>
              </li>
            </ul>
          </div> <!-- main-panel-content rounded-window-bottom -->
        </div> <!-- panel -->
        <div panel-name="group-AutomationExercise_Suite" class="panel">
          <div class="main-panel-header rounded-window-top">
            <span class="header-content">Groups for AutomationExercise Suite</span>
          </div> <!-- main-panel-header rounded-window-top -->
          <div class="main-panel-content rounded-window-bottom">
          </div> <!-- main-panel-content rounded-window-bottom -->
        </div> <!-- panel -->
        <div panel-name="times-AutomationExercise_Suite" class="panel">
          <div class="main-panel-header rounded-window-top">
            <span class="header-content">Times for AutomationExercise Suite</span>
          </div> <!-- main-panel-header rounded-window-top -->
          <div class="main-panel-content rounded-window-bottom">
            <div class="times-div">
              <script type="text/javascript">
suiteTableInitFunctions.push('tableData_AutomationExercise_Suite');
function tableData_AutomationExercise_Suite() {
var data = new google.visualization.DataTable();
data.addColumn('number', 'Number');
data.addColumn('string', 'Method');
data.addColumn('string', 'Class');
data.addColumn('number', 'Time (ms)');
data.addRows(22);
data.setCell(0, 0, 0)
data.setCell(0, 1, 'verifyHomePageVisible')
data.setCell(0, 2, 'com.tests.ExistingRegistrationTest')
data.setCell(0, 3, 1);
data.setCell(1, 0, 1)
data.setCell(1, 1, 'clickSignupAndVerifyNewUserSignup')
data.setCell(1, 2, 'com.tests.ExistingRegistrationTest')
data.setCell(1, 3, 1);
data.setCell(2, 0, 2)
data.setCell(2, 1, 'verifyHomePageIsVisible')
data.setCell(2, 2, 'com.tests.ContactUsFormTest')
data.setCell(2, 3, 1);
data.setCell(3, 0, 3)
data.setCell(3, 1, 'verifyAllProductsPageIsVisible')
data.setCell(3, 2, 'com.tests.SearchProductsTest')
data.setCell(3, 3, 0);
data.setCell(4, 0, 4)
data.setCell(4, 1, 'registerWithExistingEmailAndVerifyError')
data.setCell(4, 2, 'com.tests.ExistingRegistrationTest')
data.setCell(4, 3, 0);
data.setCell(5, 0, 5)
data.setCell(5, 1, 'verifyPlaceOrderAfterSignup')
data.setCell(5, 2, 'com.tests.RegistrationBeforeCheckoutTest')
data.setCell(5, 3, 0);
data.setCell(6, 0, 6)
data.setCell(6, 1, 'verifyIncreaseQuantityFlow')
data.setCell(6, 2, 'com.tests.IncreasedQuantityTest')
data.setCell(6, 3, 0);
data.setCell(7, 0, 7)
data.setCell(7, 1, 'verifyTestCasesNavigation')
data.setCell(7, 2, 'com.tests.VerifyTestCaseTest')
data.setCell(7, 3, 0);
data.setCell(8, 0, 8)
data.setCell(8, 1, 'verifyHomePageIsVisible')
data.setCell(8, 2, 'com.tests.SubscriptionCartTest')
data.setCell(8, 3, 0);
data.setCell(9, 0, 9)
data.setCell(9, 1, 'testContactUsFormSubmission')
data.setCell(9, 2, 'com.tests.ContactUsFormTest')
data.setCell(9, 3, 0);
data.setCell(10, 0, 10)
data.setCell(10, 1, 'verifyAddToCartFlow')
data.setCell(10, 2, 'com.tests.AddToCartTest')
data.setCell(10, 3, 0);
data.setCell(11, 0, 11)
data.setCell(11, 1, 'verifyCheckoutWithRegistrationFlow')
data.setCell(11, 2, 'com.tests.RegistrationWhileCheckoutTest')
data.setCell(11, 3, 0);
data.setCell(12, 0, 12)
data.setCell(12, 1, 'verifySearchFunctionality')
data.setCell(12, 2, 'com.tests.SearchProductsTest')
data.setCell(12, 3, 0);
data.setCell(13, 0, 13)
data.setCell(13, 1, 'verifyHomePageIsVisible')
data.setCell(13, 2, 'com.tests.VerifyAllProductsTest')
data.setCell(13, 3, 0);
data.setCell(14, 0, 14)
data.setCell(14, 1, 'verifyHomePageIsVisible')
data.setCell(14, 2, 'com.tests.SearchProductsTest')
data.setCell(14, 3, 0);
data.setCell(15, 0, 15)
data.setCell(15, 1, 'verifySubscriptionFlow')
data.setCell(15, 2, 'com.tests.SubscriptionCartTest')
data.setCell(15, 3, 0);
data.setCell(16, 0, 16)
data.setCell(16, 1, 'verifyHomePageIsVisible')
data.setCell(16, 2, 'com.tests.SubscriptionTest')
data.setCell(16, 3, 0);
data.setCell(17, 0, 17)
data.setCell(17, 1, 'verifySubscriptionFunctionality')
data.setCell(17, 2, 'com.tests.SubscriptionTest')
data.setCell(17, 3, 0);
data.setCell(18, 0, 18)
data.setCell(18, 1, 'verifyHomePageIsVisible')
data.setCell(18, 2, 'com.tests.AddToCartTest')
data.setCell(18, 3, 0);
data.setCell(19, 0, 19)
data.setCell(19, 1, 'verifyViewProductsFunctionality')
data.setCell(19, 2, 'com.tests.VerifyAllProductsTest')
data.setCell(19, 3, 0);
data.setCell(20, 0, 20)
data.setCell(20, 1, 'verifyHomePageIsVisible')
data.setCell(20, 2, 'com.tests.VerifyTestCaseTest')
data.setCell(20, 3, 0);
data.setCell(21, 0, 21)
data.setCell(21, 1, 'verifyAllProductsPageIsVisible')
data.setCell(21, 2, 'com.tests.VerifyAllProductsTest')
data.setCell(21, 3, 0);
window.suiteTableData['AutomationExercise_Suite']= { tableData: data, tableDiv: 'times-div-AutomationExercise_Suite'}
return data;
}
              </script>
              <span class="suite-total-time">Total running time: 3 ms</span>
              <div id="times-div-AutomationExercise_Suite">
              </div> <!-- times-div-AutomationExercise_Suite -->
            </div> <!-- times-div -->
          </div> <!-- main-panel-content rounded-window-bottom -->
        </div> <!-- panel -->
        <div panel-name="reporter-AutomationExercise_Suite" class="panel">
          <div class="main-panel-header rounded-window-top">
            <span class="header-content">Reporter output for AutomationExercise Suite</span>
          </div> <!-- main-panel-header rounded-window-top -->
          <div class="main-panel-content rounded-window-bottom">
          </div> <!-- main-panel-content rounded-window-bottom -->
        </div> <!-- panel -->
        <div panel-name="ignored-methods-AutomationExercise_Suite" class="panel">
          <div class="main-panel-header rounded-window-top">
            <span class="header-content">0 ignored methods</span>
          </div> <!-- main-panel-header rounded-window-top -->
          <div class="main-panel-content rounded-window-bottom">
          </div> <!-- main-panel-content rounded-window-bottom -->
        </div> <!-- panel -->
        <div panel-name="chronological-AutomationExercise_Suite" class="panel">
          <div class="main-panel-header rounded-window-top">
            <span class="header-content">Methods in chronological order</span>
          </div> <!-- main-panel-header rounded-window-top -->
          <div class="main-panel-content rounded-window-bottom">
            <div class="chronological-class">
              <div class="chronological-class-name">com.tests.AddToCartTest</div> <!-- chronological-class-name -->
              <div class="configuration-class before">
                <span class="method-name">initPageObjects</span>
                <span class="method-start">0 ms</span>
              </div> <!-- configuration-class before -->
              <div class="configuration-class after">
                <span class="method-name">tearDown</span>
                <span class="method-start">751 ms</span>
              </div> <!-- configuration-class after -->
            </div> <!-- chronological-class -->
            <div class="chronological-class">
              <div class="chronological-class-name">com.tests.ContactUsFormTest</div> <!-- chronological-class-name -->
              <div class="configuration-class after">
                <span class="method-name">tearDown</span>
                <span class="method-start">786 ms</span>
              </div> <!-- configuration-class after -->
            </div> <!-- chronological-class -->
            <div class="chronological-class">
              <div class="chronological-class-name">com.tests.ExistingRegistrationTest</div> <!-- chronological-class-name -->
              <div class="configuration-class after">
                <span class="method-name">tearDown</span>
                <span class="method-start">831 ms</span>
              </div> <!-- configuration-class after -->
            </div> <!-- chronological-class -->
            <div class="chronological-class">
              <div class="chronological-class-name">com.tests.IncreasedQuantityTest</div> <!-- chronological-class-name -->
              <div class="configuration-class before">
                <span class="method-name">initPageObjects</span>
                <span class="method-start">834 ms</span>
              </div> <!-- configuration-class before -->
              <div class="configuration-class after">
                <span class="method-name">tearDown</span>
                <span class="method-start">854 ms</span>
              </div> <!-- configuration-class after -->
            </div> <!-- chronological-class -->
            <div class="chronological-class">
              <div class="chronological-class-name">com.tests.RegistrationBeforeCheckoutTest</div> <!-- chronological-class-name -->
              <div class="configuration-class before">
                <span class="method-name">initPageObjects</span>
                <span class="method-start">856 ms</span>
              </div> <!-- configuration-class before -->
              <div class="configuration-class after">
                <span class="method-name">tearDown</span>
                <span class="method-start">882 ms</span>
              </div> <!-- configuration-class after -->
            </div> <!-- chronological-class -->
            <div class="chronological-class">
              <div class="chronological-class-name">com.tests.RegistrationWhileCheckoutTest</div> <!-- chronological-class-name -->
              <div class="configuration-class before">
                <span class="method-name">initPageObjects</span>
                <span class="method-start">884 ms</span>
              </div> <!-- configuration-class before -->
              <div class="configuration-class after">
                <span class="method-name">tearDown</span>
                <span class="method-start">903 ms</span>
              </div> <!-- configuration-class after -->
            </div> <!-- chronological-class -->
            <div class="chronological-class">
              <div class="chronological-class-name">com.tests.SearchProductsTest</div> <!-- chronological-class-name -->
              <div class="configuration-class after">
                <span class="method-name">tearDown</span>
                <span class="method-start">948 ms</span>
              </div> <!-- configuration-class after -->
            </div> <!-- chronological-class -->
            <div class="chronological-class">
              <div class="chronological-class-name">com.tests.SubscriptionCartTest</div> <!-- chronological-class-name -->
              <div class="configuration-class before">
                <span class="method-name">initPageObjects</span>
                <span class="method-start">950 ms</span>
              </div> <!-- configuration-class before -->
              <div class="configuration-class after">
                <span class="method-name">tearDown</span>
                <span class="method-start">978 ms</span>
              </div> <!-- configuration-class after -->
            </div> <!-- chronological-class -->
            <div class="chronological-class">
              <div class="chronological-class-name">com.tests.SubscriptionTest</div> <!-- chronological-class-name -->
              <div class="configuration-class after">
                <span class="method-name">tearDown</span>
                <span class="method-start">1010 ms</span>
              </div> <!-- configuration-class after -->
            </div> <!-- chronological-class -->
            <div class="chronological-class">
              <div class="chronological-class-name">com.tests.VerifyAllProductsTest</div> <!-- chronological-class-name -->
              <div class="configuration-class after">
                <span class="method-name">tearDown</span>
                <span class="method-start">1053 ms</span>
              </div> <!-- configuration-class after -->
            </div> <!-- chronological-class -->
            <div class="chronological-class">
              <div class="chronological-class-name">com.tests.VerifyTestCaseTest</div> <!-- chronological-class-name -->
              <div class="configuration-class after">
                <span class="method-name">tearDown</span>
                <span class="method-start">1085 ms</span>
              </div> <!-- configuration-class after -->
          </div> <!-- main-panel-content rounded-window-bottom -->
        </div> <!-- panel -->
      </div> <!-- main-panel-root -->
    </div> <!-- wrapper -->
  </body>
<script type="text/javascript" src="testng-reports2.js"></script>
</html>
